f:\programering archive\sideprojects\1.0_basiccpp_casino_refactoring_4.0\x64\debug\vc143.pdb
f:\programering archive\sideprojects\1.0_basiccpp_casino_refactoring_4.0\x64\debug\vc143.idb
f:\programering archive\sideprojects\1.0_basiccpp_casino_refactoring_4.0\x64\debug\statistics.obj
f:\programering archive\sideprojects\1.0_basiccpp_casino_refactoring_4.0\x64\debug\crownandanchor.obj
f:\programering archive\sideprojects\1.0_basiccpp_casino_refactoring_4.0\x64\debug\player.obj
f:\programering archive\sideprojects\1.0_basiccpp_casino_refactoring_4.0\x64\debug\menu.obj
f:\programering archive\sideprojects\1.0_basiccpp_casino_refactoring_4.0\x64\debug\casinogames.obj
f:\programering archive\sideprojects\1.0_basiccpp_casino_refactoring_4.0\x64\debug\buffertools.obj
f:\programering archive\sideprojects\1.0_basiccpp_casino_refactoring_4.0\x64\debug\1.0_basiccpp_casino_refactoring_4.0.exe
f:\programering archive\sideprojects\1.0_basiccpp_casino_refactoring_4.0\x64\debug\1.0_basiccpp_casino_refactoring_4.0.ilk
f:\programering archive\sideprojects\1.0_basiccpp_casino_refactoring_4.0\x64\debug\1.0_basiccpp_casino_refactoring_4.0.pdb
f:\programering archive\sideprojects\1.0_basiccpp_casino_refactoring_4.0\x64\debug\bar_dice.obj
f:\programering archive\sideprojects\1.0_basiccpp_casino_refactoring_4.0\x64\debug\dice.obj
f:\programering archive\sideprojects\1.0_basiccpp_casino_refactoring_4.0\x64\debug\guess.obj
f:\programering archive\sideprojects\1.0_basiccpp_casino_refactoring_4.0\x64\debug\main.obj
f:\programering archive\sideprojects\1.0_basiccpp_casino_refactoring_4.0\x64\debug\oddoreven.obj
f:\programering archive\sideprojects\1.0_basiccpp_casino_refactoring_4.0\x64\debug\roulette.obj
f:\programering archive\sideprojects\1.0_basiccpp_casino_refactoring_4.0\x64\debug\1.0_basi.d49af854.tlog\cl.command.1.tlog
f:\programering archive\sideprojects\1.0_basiccpp_casino_refactoring_4.0\x64\debug\1.0_basi.d49af854.tlog\cl.read.1.tlog
f:\programering archive\sideprojects\1.0_basiccpp_casino_refactoring_4.0\x64\debug\1.0_basi.d49af854.tlog\cl.write.1.tlog
f:\programering archive\sideprojects\1.0_basiccpp_casino_refactoring_4.0\x64\debug\1.0_basi.d49af854.tlog\link.command.1.tlog
f:\programering archive\sideprojects\1.0_basiccpp_casino_refactoring_4.0\x64\debug\1.0_basi.d49af854.tlog\link.read.1.tlog
f:\programering archive\sideprojects\1.0_basiccpp_casino_refactoring_4.0\x64\debug\1.0_basi.d49af854.tlog\link.write.1.tlog
